<?xml version="1.0" encoding="UTF-8"?>
<!-- Generated by org.testng.reporters.JUnitReportReporter -->
<testsuite hostname="Kavyashree" failures="0" tests="1" name="mavenPractice.CreateOrgTest" time="0.007" errors="0" timestamp="2022-03-14T12:54:51 IST" skipped="0">
  <testcase classname="mavenPractice.CreateOrgTest" name="createOrg1" time="0.007"/>
  <system-out/>
</testsuite> <!-- mavenPractice.CreateOrgTest -->
