<?xml version="1.0" encoding="UTF-8"?>
<!-- Generated by org.testng.reporters.JUnitReportReporter -->
<testsuite hostname="Kavyashree" failures="0" tests="1" name="organizationTests.ReadDataTest" time="0.013" errors="0" timestamp="2022-03-15T13:03:42 IST" skipped="0">
  <testcase classname="organizationTests.ReadDataTest" name="readData" time="0.013"/>
  <system-out/>
</testsuite> <!-- organizationTests.ReadDataTest -->
