<?xml version="1.0" encoding="UTF-8"?>
<!-- Generated by org.testng.reporters.JUnitReportReporter -->
<testsuite hostname="Kavyashree" failures="0" tests="1" name="organizationTests.ReadDataTest1" time="0.016" errors="0" timestamp="2022-03-16T11:38:51 IST" skipped="0">
  <testcase classname="organizationTests.ReadDataTest1" name="readData" time="0.016"/>
  <system-out/>
</testsuite> <!-- organizationTests.ReadDataTest1 -->
